{"name": "Test Ipad", "status": "broken", "statusDetails": {"message": "selenium.common.exceptions.TimeoutException: Message: \nStacktrace:\n\tGetHandleVerifier [0x00007FF714B1B125+29573]\n\t(No symbol) [0x00007FF714A8FF50]\n\t(No symbol) [0x00007FF71494B6EA]\n\t(No symbol) [0x00007FF71499F815]\n\t(No symbol) [0x00007FF71499FA6C]\n\t(No symbol) [0x00007FF7149EB917]\n\t(No symbol) [0x00007FF7149C733F]\n\t(No symbol) [0x00007FF7149E86BC]\n\t(No symbol) [0x00007FF7149C70A3]\n\t(No symbol) [0x00007FF7149912DF]\n\t(No symbol) [0x00007FF714992441]\n\tGetHandleVerifier [0x00007FF714E4C76D+3377613]\n\tGetHandleVerifier [0x00007FF714E97B67+3685831]\n\tGetHandleVerifier [0x00007FF714E8CF8B+3641835]\n\tGetHandleVerifier [0x00007FF714BDB2A6+816390]\n\t(No symbol) [0x00007FF714A9B25F]\n\t(No symbol) [0x00007FF714A97084]\n\t(No symbol) [0x00007FF714A97220]\n\t(No symbol) [0x00007FF714A8607F]\n\tBaseThreadInitThunk [0x00007FFB287C257D+29]\n\tRtlUserThreadStart [0x00007FFB2A9EAF28+40]", "trace": "self = <diploma.UI.tests_ui.test_onliner.TestAddTabletToCart object at 0x000002AC7582CDD0>, main_page = <UI.pages.main_page.MainPage object at 0x000002AC75888A50>\ncatalog_page = <UI.pages.catalog_page.CatalogPage object at 0x000002AC75887A10>, items_list_page = <UI.pages.items_list_page.ItemsListPage object at 0x000002AC75888710>\nitem_page = <UI.pages.item_page.ItemPage object at 0x000002AC75888350>, cart_page = <UI.pages.cart_page.CartPage object at 0x000002AC75884150>\n\n    @allure.title(\"Test Ipad\")\n    @allure.id(\"1\")\n    @allure.description(\"Choose an item and add it to cart\")\n    @allure.feature(\"Apple Ipad\")\n    @pytest.mark.smoke\n    def test_ipad(self, main_page, catalog_page, items_list_page, item_page, cart_page):\n        main_page.click_bn_catalog()\n        time.sleep(7)  # cookie settings\n        catalog_page.click_bn_electronics()\n        catalog_page.move_to_tablets()\n    \n        items_list_page.click_apple()\n        time.sleep(5)\n        items_list_page.click_item()\n    \n        item_page.add_to_cart()\n>       item_page.move_to_cart()\n\nUI\\tests_ui\\test_onliner.py:25: \n_ _ _ _ _ _ _ _ _ _ _ _ _ _ _ _ _ _ _ _ _ _ _ _ _ _ _ _ _ _ _ _ _ _ _ _ _ _ _ _ _ _ _ _ _ _ _ _ _ _ _ _ _ _ _ _ _ _ _ _ _ _ _ _ _ _ _ _ _ _ _ _ _ _ _ _ _ _ _ _ _ _ _ _ _ _ _ _ _ _\nUI\\pages\\item_page.py:16: in move_to_cart\n    self.wait_for(bn_move_to_cart)\nUI\\pages\\base_page.py:22: in wait_for\n    return WebDriverWait(self.driver, timeout).until(EC.visibility_of_element_located(locator))\n_ _ _ _ _ _ _ _ _ _ _ _ _ _ _ _ _ _ _ _ _ _ _ _ _ _ _ _ _ _ _ _ _ _ _ _ _ _ _ _ _ _ _ _ _ _ _ _ _ _ _ _ _ _ _ _ _ _ _ _ _ _ _ _ _ _ _ _ _ _ _ _ _ _ _ _ _ _ _ _ _ _ _ _ _ _ _ _ _ _\n\nself = <selenium.webdriver.support.wait.WebDriverWait (session=\"27d76d2a7e08cc5c83938139fc284ef9\")>\nmethod = <function visibility_of_element_located.<locals>._predicate at 0x000002AC7586BE20>, message = ''\n\n    def until(self, method: Callable[[D], Union[Literal[False], T]], message: str = \"\") -> T:\n        \"\"\"Calls the method provided with the driver as an argument until the \\\n        return value does not evaluate to ``False``.\n    \n        :param method: callable(WebDriver)\n        :param message: optional message for :exc:`TimeoutException`\n        :returns: the result of the last call to `method`\n        :raises: :exc:`selenium.common.exceptions.TimeoutException` if timeout occurs\n        \"\"\"\n        screen = None\n        stacktrace = None\n    \n        end_time = time.monotonic() + self._timeout\n        while True:\n            try:\n                value = method(self._driver)\n                if value:\n                    return value\n            except self._ignored_exceptions as exc:\n                screen = getattr(exc, \"screen\", None)\n                stacktrace = getattr(exc, \"stacktrace\", None)\n            time.sleep(self._poll)\n            if time.monotonic() > end_time:\n                break\n>       raise TimeoutException(message, screen, stacktrace)\nE       selenium.common.exceptions.TimeoutException: Message: \nE       Stacktrace:\nE       \tGetHandleVerifier [0x00007FF714B1B125+29573]\nE       \t(No symbol) [0x00007FF714A8FF50]\nE       \t(No symbol) [0x00007FF71494B6EA]\nE       \t(No symbol) [0x00007FF71499F815]\nE       \t(No symbol) [0x00007FF71499FA6C]\nE       \t(No symbol) [0x00007FF7149EB917]\nE       \t(No symbol) [0x00007FF7149C733F]\nE       \t(No symbol) [0x00007FF7149E86BC]\nE       \t(No symbol) [0x00007FF7149C70A3]\nE       \t(No symbol) [0x00007FF7149912DF]\nE       \t(No symbol) [0x00007FF714992441]\nE       \tGetHandleVerifier [0x00007FF714E4C76D+3377613]\nE       \tGetHandleVerifier [0x00007FF714E97B67+3685831]\nE       \tGetHandleVerifier [0x00007FF714E8CF8B+3641835]\nE       \tGetHandleVerifier [0x00007FF714BDB2A6+816390]\nE       \t(No symbol) [0x00007FF714A9B25F]\nE       \t(No symbol) [0x00007FF714A97084]\nE       \t(No symbol) [0x00007FF714A97220]\nE       \t(No symbol) [0x00007FF714A8607F]\nE       \tBaseThreadInitThunk [0x00007FFB287C257D+29]\nE       \tRtlUserThreadStart [0x00007FFB2A9EAF28+40]\n\n..\\..\\venv\\Lib\\site-packages\\selenium\\webdriver\\support\\wait.py:105: TimeoutException"}, "description": "Choose an item and add it to cart", "steps": [{"name": "go to electronics section", "status": "passed", "start": 1727471846392, "stop": 1727471846473}, {"name": "open tablets catalog", "status": "passed", "start": 1727471846473, "stop": 1727471855892}, {"name": "choose from checkbox", "status": "passed", "start": 1727471855892, "stop": 1727471856179}, {"name": "choose an item", "status": "passed", "start": 1727471861191, "stop": 1727471871175}, {"name": "adding to cart", "status": "passed", "start": 1727471871175, "stop": 1727471871808}, {"name": "go to cart", "status": "broken", "statusDetails": {"message": "selenium.common.exceptions.TimeoutException: Message: \nStacktrace:\n\tGetHandleVerifier [0x00007FF714B1B125+29573]\n\t(No symbol) [0x00007FF714A8FF50]\n\t(No symbol) [0x00007FF71494B6EA]\n\t(No symbol) [0x00007FF71499F815]\n\t(No symbol) [0x00007FF71499FA6C]\n\t(No symbol) [0x00007FF7149EB917]\n\t(No symbol) [0x00007FF7149C733F]\n\t(No symbol) [0x00007FF7149E86BC]\n\t(No symbol) [0x00007FF7149C70A3]\n\t(No symbol) [0x00007FF7149912DF]\n\t(No symbol) [0x00007FF714992441]\n\tGetHandleVerifier [0x00007FF714E4C76D+3377613]\n\tGetHandleVerifier [0x00007FF714E97B67+3685831]\n\tGetHandleVerifier [0x00007FF714E8CF8B+3641835]\n\tGetHandleVerifier [0x00007FF714BDB2A6+816390]\n\t(No symbol) [0x00007FF714A9B25F]\n\t(No symbol) [0x00007FF714A97084]\n\t(No symbol) [0x00007FF714A97220]\n\t(No symbol) [0x00007FF714A8607F]\n\tBaseThreadInitThunk [0x00007FFB287C257D+29]\n\tRtlUserThreadStart [0x00007FFB2A9EAF28+40]\n\n", "trace": "  File \"C:\\Users\\vikto\\PycharmProjects\\diploma\\UI\\pages\\item_page.py\", line 16, in move_to_cart\n    self.wait_for(bn_move_to_cart)\n  File \"C:\\Users\\vikto\\PycharmProjects\\diploma\\UI\\pages\\base_page.py\", line 22, in wait_for\n    return WebDriverWait(self.driver, timeout).until(EC.visibility_of_element_located(locator))\n           ^^^^^^^^^^^^^^^^^^^^^^^^^^^^^^^^^^^^^^^^^^^^^^^^^^^^^^^^^^^^^^^^^^^^^^^^^^^^^^^^^^^^\n  File \"C:\\Users\\vikto\\venv\\Lib\\site-packages\\selenium\\webdriver\\support\\wait.py\", line 105, in until\n    raise TimeoutException(message, screen, stacktrace)\n"}, "start": 1727471871808, "stop": 1727471877006}], "start": 1727471836925, "stop": 1727471877067, "uuid": "78498cd0-5ea9-4ac1-9d53-c313cdda91b8", "historyId": "dfdcbe549bcf9e3c1f6508dfc55add81", "testCaseId": "dfdcbe549bcf9e3c1f6508dfc55add81", "fullName": "UI.tests_ui.test_onliner.TestAddTabletToCart#test_ipad", "labels": [{"name": "as_id", "value": "1"}, {"name": "feature", "value": "Apple Ipad"}, {"name": "tag", "value": "smoke"}, {"name": "parentSuite", "value": "UI.tests_ui"}, {"name": "suite", "value": "test_onliner"}, {"name": "subSuite", "value": "TestAddTabletToCart"}, {"name": "host", "value": "viktoria_hard"}, {"name": "thread", "value": "12180-MainThread"}, {"name": "framework", "value": "pytest"}, {"name": "language", "value": "cpython3"}, {"name": "package", "value": "UI.tests_ui.test_onliner"}]}